--------- Results on example.dat datafile ---------
PCA using Covariance Matrix:
Total Variance: [0.66979347 0.15887735 0.13452316 0.03680602]
Standard Deviations: [3.05353618 1.48718027 1.36845699 0.71580055]
PCA Coordinates: [[-7.04570495 -1.2837116   7.15846531  6.10964391]
 [ 2.18077568  4.8052075   1.54081679  1.71920315]
 [ 3.74428378 -2.86289547  1.68508057  1.74206484]
 [-0.14176797 -0.05826626 -1.88222249  2.02960634]]
3/4: 2
Kasier:
 3

PCA using Correlation Matrix:
Total Variance: [0.60757275 0.24030055 0.11616759 0.03595911]
Standard Deviations: [1.61006534 1.01256227 0.70402299 0.39169574]
PCA Coordinates: [[-1.14520929 -2.13579331 -0.3753926  -2.09369303 -0.69056863 -1.66810444
  -2.46227084 -0.83716461  1.55237366  1.93639418  1.68175129  0.76950876
   1.28231691  0.87575117  0.94992252  2.36017827]
 [-0.20585347 -1.82692136 -0.72038791  0.91650704  1.39486696 -1.0528595
   0.7911549  -0.13681365  0.28114087 -1.21356043  0.95800676  1.62233387
  -0.5697695   0.08674892  0.69067064 -1.01526413]
 [ 0.35127392  0.28494506  0.832809   -0.7763731   1.14474846  0.03682508
  -1.11523239  0.50364879  0.31466795 -0.677493   -0.17906912  0.8747274
  -0.40997484 -0.17656622 -1.23287211  0.22393512]
 [ 0.22821265 -0.19505665  0.25015836  0.61540022 -0.19864877  0.22610387
  -0.54624598 -0.15098459  0.38385788 -0.6782424   0.41379391 -0.48610976
   0.4216036  -0.39859108  0.05039669  0.06435206]]
3/4: 2
Kasier:
 2
--------- Results on RCsGoff.csv datafile ---------
m, n 58581 20
PCA using Covariance Matrix:
Total Variance: [7.22991067e-01 1.57844663e-01 6.68887693e-02 2.88735461e-02
 1.22625722e-02 4.61307556e-03 3.62725141e-03 1.57549266e-03
 4.11913267e-04 3.13735180e-04 1.17355100e-04 1.06287053e-04
 1.02472421e-04 8.10208153e-05 5.17387276e-05 4.36909142e-05
 4.02188378e-05 2.95266449e-05 2.56038410e-05 2.27703212e-29]
Standard Deviations: [5.24848455e+05 2.45234975e+05 1.59640861e+05 1.04885999e+05
 6.83531047e+04 4.19240029e+04 3.71754545e+04 2.45005396e+04
 1.25276712e+04 1.09332447e+04 6.68680165e+03 6.36366986e+03
 6.24843069e+03 5.55604510e+03 4.43992189e+03 4.08002688e+03
 3.91455335e+03 3.35408843e+03 3.12334543e+03 2.94545258e-09]
3/4: 2
Kasier:
 19
